29/11/2016 19:55:19         Server iniciado.
29/11/2016 19:55:38         Server iniciado.
29/11/2016 19:57:28         Server iniciado.
29/11/2016 22:32:02         Server iniciado.
30/11/2016 0:16:39          Server iniciado.
30/11/2016 12:29:06         Server iniciado.
30/11/2016 20:43:04         Server iniciado.
30/11/2016 20:51:03         Server iniciado.
30/11/2016 20:51:28         Server iniciado.
30/11/2016 20:55:28         Server iniciado.
30/11/2016 22:58:08         Server iniciado.
30/11/2016 23:57:55         Server iniciado.
30/11/2016 23:59:59         Server iniciado.
01/12/2016 0:12:01          Server iniciado.
01/12/2016 0:21:46          Server iniciado.
01/12/2016 0:31:55          Server iniciado.
01/12/2016 0:37:10          Server iniciado.
01/12/2016 0:44:11          Server iniciado.
01/12/2016 0:51:25          Server iniciado.
01/12/2016 1:11:49          Server iniciado.
01/12/2016 1:14:05          Server iniciado.
01/12/2016 1:16:14          Server iniciado.
01/12/2016 1:17:43          Server iniciado.
01/12/2016 1:19:29          Server iniciado.
01/12/2016 1:21:41          Server iniciado.
02/12/2016 21:01:39         Server iniciado.
02/12/2016 21:08:39         Server iniciado.
02/12/2016 21:10:24         Server iniciado.
02/12/2016 21:52:07         Server iniciado.
02/12/2016 21:55:56         Server iniciado.
02/12/2016 21:59:18         Server iniciado.
02/12/2016 22:01:17         Server iniciado.
02/12/2016 22:01:56         Server iniciado.
02/12/2016 22:02:48         Server iniciado.
02/12/2016 22:04:17         Server iniciado.
03/12/2016 2:47:56          Server iniciado.
03/12/2016 2:50:07          Server iniciado.
03/12/2016 4:12:17          Server iniciado.
03/12/2016 4:16:27          Server iniciado.
03/12/2016 4:20:10          Server iniciado.
03/12/2016 4:21:39          Server iniciado.
03/12/2016 9:35:42          Server iniciado.
03/12/2016 9:56:44          Server iniciado.
03/12/2016 9:58:30          Server iniciado.
03/12/2016 22:23:36         Server iniciado.
04/12/2016 9:50:33          Server iniciado.
04/12/2016 9:55:13          Server iniciado.
04/12/2016 9:59:25          Server iniciado.
04/12/2016 10:04:20         Server iniciado.
04/12/2016 11:23:57         Server iniciado.
04/12/2016 11:27:20         Server iniciado.
04/12/2016 19:09:22         Server iniciado.
04/12/2016 19:14:37         Server iniciado.
04/12/2016 19:17:10         Server iniciado.
04/12/2016 19:18:28         Server iniciado.
04/12/2016 19:21:31         Server iniciado.
04/12/2016 19:22:27         Server iniciado.
04/12/2016 23:23:58         Server iniciado.
04/12/2016 23:34:28         Server iniciado.
05/12/2016 5:41:03          Server iniciado.
05/12/2016 11:34:06         Server iniciado.
05/12/2016 18:15:12         Server iniciado.
06/12/2016 10:55:15         Server iniciado.
06/12/2016 11:13:33         Server iniciado.
06/12/2016 11:16:53         Server iniciado.
06/12/2016 11:18:57         Server iniciado.
06/12/2016 11:23:38         Server iniciado.
06/12/2016 11:25:24         Server iniciado.
06/12/2016 11:34:22         Server iniciado.
06/12/2016 18:32:56         Server iniciado.
06/12/2016 22:59:08         Server iniciado.
07/12/2016 15:34:38         Server iniciado.
07/12/2016 15:35:41         Server iniciado.
07/12/2016 16:11:14         Server iniciado.
07/12/2016 16:16:40         Server iniciado.
07/12/2016 16:22:04         Server iniciado.
07/12/2016 16:51:21         Server iniciado.
07/12/2016 17:41:14         Server iniciado.
07/12/2016 17:47:54         Server iniciado.
07/12/2016 17:51:53         Server iniciado.
07/12/2016 17:53:55         Server iniciado.
07/12/2016 17:56:57         Server iniciado.
07/12/2016 18:03:46         Server iniciado.
07/12/2016 18:07:01         Server iniciado.
07/12/2016 18:09:43         Server iniciado.
07/12/2016 18:12:24         Server iniciado.
07/12/2016 18:13:29         Server iniciado.
07/12/2016 18:15:32         Server iniciado.
07/12/2016 18:23:21         Server iniciado.
07/12/2016 18:26:06         Server iniciado.
07/12/2016 18:28:50         Server iniciado.
07/12/2016 18:30:39         Server iniciado.
07/12/2016 18:34:14         Server iniciado.
07/12/2016 18:42:03         Server iniciado.
07/12/2016 18:43:13         Server iniciado.
07/12/2016 18:45:06         Server iniciado.
07/12/2016 22:58:36         Server iniciado.
07/12/2016 23:11:31         Server iniciado.
07/12/2016 23:13:03         Server iniciado.
07/12/2016 23:16:22         Server iniciado.
07/12/2016 23:18:29         Server iniciado.
07/12/2016 23:20:54         Server iniciado.
07/12/2016 23:35:29         Server iniciado.
07/12/2016 23:41:29         Server iniciado.
07/12/2016 23:59:16         Server iniciado.
08/12/2016 0:03:36          Server iniciado.
08/12/2016 0:05:50          Server iniciado.
08/12/2016 1:02:54          Server iniciado.
08/12/2016 1:11:03          Server iniciado.
08/12/2016 1:12:29          Server iniciado.
08/12/2016 1:19:41          Server iniciado.
08/12/2016 1:31:13          Server iniciado.
08/12/2016 1:33:22          Server iniciado.
08/12/2016 1:36:39          Server iniciado.
08/12/2016 1:44:38          Server iniciado.
08/12/2016 1:46:48          Server iniciado.
08/12/2016 1:48:38          Server iniciado.
08/12/2016 1:56:55          Server iniciado.
08/12/2016 2:02:03          Server iniciado.
08/12/2016 2:05:43          Server iniciado.
08/12/2016 2:13:11          Server iniciado.
08/12/2016 2:17:15          Server iniciado.
08/12/2016 2:25:29          Server iniciado.
08/12/2016 2:26:50          Server iniciado.
08/12/2016 2:28:01          Server iniciado.
08/12/2016 2:32:21          Server iniciado.
08/12/2016 2:39:33          Server iniciado.
08/12/2016 2:39:58          Server iniciado.
08/12/2016 2:42:28          Server iniciado.
08/12/2016 2:43:19          Server iniciado.
08/12/2016 2:44:55          Server iniciado.
08/12/2016 2:46:49          Server iniciado.
08/12/2016 2:48:05          Server iniciado.
08/12/2016 3:16:25          Server iniciado.
08/12/2016 3:19:10          Server iniciado.
08/12/2016 12:47:16         Server iniciado.
08/12/2016 13:23:23         Server iniciado.
08/12/2016 13:29:29         Server iniciado.
08/12/2016 13:32:01         Server iniciado.
08/12/2016 13:41:08         Server iniciado.
08/12/2016 13:43:29         Server iniciado.
08/12/2016 13:47:01         Server iniciado.
08/12/2016 13:58:03         Server iniciado.
08/12/2016 13:59:39         Server iniciado.
08/12/2016 14:27:05         Server iniciado.
08/12/2016 14:29:21         Server iniciado.
08/12/2016 14:32:48         Server iniciado.
08/12/2016 14:51:53         Server iniciado.
08/12/2016 14:56:09         Server iniciado.
08/12/2016 15:01:03         Server iniciado.
08/12/2016 15:05:33         Server iniciado.
08/12/2016 15:23:30         Server iniciado.
08/12/2016 15:27:26         Server iniciado.
08/12/2016 15:32:50         Server iniciado.
08/12/2016 15:41:20         Server iniciado.
08/12/2016 16:06:55         Server iniciado.
08/12/2016 16:23:15         Server iniciado.
08/12/2016 17:05:50         Server iniciado.
08/12/2016 17:11:47         Server iniciado.
08/12/2016 17:24:26         Server iniciado.
08/12/2016 22:36:06         Server iniciado.
08/12/2016 22:58:10         Server iniciado.
08/12/2016 23:06:44         Server iniciado.
08/12/2016 23:42:11         Server iniciado.
08/12/2016 23:50:03         Server iniciado.
09/12/2016 0:42:43          Server iniciado.
09/12/2016 1:13:39          Server iniciado.
09/12/2016 1:17:18          Server iniciado.
09/12/2016 1:23:43          Server iniciado.
09/12/2016 1:55:00          Server iniciado.
09/12/2016 2:00:28          Server iniciado.
09/12/2016 2:11:23          Server iniciado.
09/12/2016 2:17:24          Server iniciado.
09/12/2016 10:06:46         Server iniciado.
09/12/2016 10:10:56         Server iniciado.
09/12/2016 10:15:25         Server iniciado.
09/12/2016 14:00:30         Server iniciado.
09/12/2016 14:02:35         Server iniciado.
09/12/2016 14:04:28         Server iniciado.
09/12/2016 14:15:12         Server iniciado.
09/12/2016 14:16:48         Server iniciado.
09/12/2016 14:20:52         Server iniciado.
09/12/2016 14:27:28         Server iniciado.
09/12/2016 14:28:11         Server iniciado.
09/12/2016 14:53:17         Server iniciado.
10/12/2016 13:02:44         Server iniciado.
10/12/2016 15:01:02         Server iniciado.
10/12/2016 15:06:18         Server iniciado.
10/12/2016 15:08:06         Server iniciado.
10/12/2016 15:11:45         Server iniciado.
10/12/2016 15:14:15         Server iniciado.
10/12/2016 15:15:34         Server iniciado.
10/12/2016 17:40:52         Server iniciado.
10/12/2016 17:41:49         Server iniciado.
10/12/2016 17:43:13         Server iniciado.
10/12/2016 17:45:08         Server iniciado.
10/12/2016 18:32:53         Server iniciado.
10/12/2016 18:38:49         Server iniciado.
10/12/2016 19:02:20         Server iniciado.
10/12/2016 23:16:03         Server iniciado.
10/12/2016 23:36:16         Server iniciado.
11/12/2016 0:08:24          Server iniciado.
11/12/2016 0:14:20          Server iniciado.
11/12/2016 0:22:58          Server iniciado.
11/12/2016 0:27:34          Server iniciado.
11/12/2016 0:32:35          Server iniciado.
11/12/2016 1:39:07          Server iniciado.
11/12/2016 4:44:58          Server iniciado.
11/12/2016 4:51:56          Server iniciado.
11/12/2016 4:53:03          Server iniciado.
11/12/2016 4:57:05          Server iniciado.
11/12/2016 5:02:22          Server iniciado.
11/12/2016 5:08:06          Server iniciado.
11/12/2016 5:09:12          Server iniciado.
11/12/2016 5:16:56          Server iniciado.
11/12/2016 5:17:22          Server iniciado.
11/12/2016 5:19:59          Server iniciado.
11/12/2016 5:25:03          Server iniciado.
11/12/2016 5:28:09          Server iniciado.
11/12/2016 13:19:59         Server iniciado.
11/12/2016 13:22:41         Server iniciado.
13/12/2016 1:06:09          Server iniciado.
12/14/2016 12:34:57 AM      Server iniciado.
12/14/2016 12:55:21 AM      Server iniciado.
12/14/2016 1:10:19 AM       Server iniciado.
12/14/2016 1:14:51 AM       Server iniciado.
12/14/2016 1:16:44 AM       Server iniciado.
12/14/2016 1:19:52 AM       Server iniciado.
12/14/2016 1:31:19 AM       Server iniciado.
12/14/2016 1:31:33 AM       Server iniciado.
12/14/2016 12:03:36 PM      Server iniciado.
12/16/2016 3:31:34 AM       Server iniciado.
12/17/2016 12:22:01 AM      Server iniciado.
12/17/2016 12:23:24 AM      Server iniciado.
12/17/2016 12:40:59 AM      Server iniciado.
12/17/2016 12:53:31 AM      Server iniciado.
12/17/2016 1:00:43 AM       Server iniciado.
12/17/2016 1:09:32 AM       Server iniciado.
12/17/2016 1:17:01 AM       Server iniciado.
12/17/2016 1:20:58 AM       Server iniciado.
12/17/2016 1:28:19 AM       Server iniciado.
12/17/2016 1:34:36 AM       Server iniciado.
12/17/2016 1:41:02 AM       Server iniciado.
12/17/2016 1:42:24 AM       Server iniciado.
12/17/2016 1:56:16 AM       Server iniciado.
12/18/2016 11:34:08 PM      Server iniciado.
12/20/2016 4:47:08 PM       Server iniciado.
12/20/2016 4:52:38 PM       Server iniciado.
12/20/2016 5:20:56 PM       Server iniciado.
12/20/2016 5:33:24 PM       Server iniciado.
12/20/2016 7:05:22 PM       Server iniciado.
12/21/2016 3:06:25 AM       Server iniciado.
12/21/2016 3:19:52 AM       Server iniciado.
12/21/2016 6:29:01 PM       Server iniciado.
12/21/2016 6:32:33 PM       Server iniciado.
12/21/2016 7:21:31 PM       Server iniciado.
12/21/2016 7:22:46 PM       Server iniciado.
12/21/2016 7:24:23 PM       Server iniciado.
12/21/2016 7:25:29 PM       Server iniciado.
12/21/2016 7:37:24 PM       Server iniciado.
12/21/2016 8:03:00 PM       Server iniciado.
12/21/2016 8:10:45 PM       Server iniciado.
12/21/2016 8:11:26 PM       Server iniciado.
12/21/2016 8:18:13 PM       Server iniciado.
12/21/2016 8:26:15 PM       Server iniciado.
12/21/2016 8:29:05 PM       Server iniciado.
12/21/2016 9:05:39 PM       Server iniciado.
12/21/2016 9:06:33 PM       Server iniciado.
12/21/2016 9:16:14 PM       Server iniciado.
12/21/2016 10:09:13 PM      Server iniciado.
12/21/2016 10:58:02 PM      Server iniciado.
12/21/2016 10:59:17 PM      Server iniciado.
12/21/2016 11:00:59 PM      Server iniciado.
12/21/2016 11:03:41 PM      Server iniciado.
12/21/2016 11:30:07 PM      Server iniciado.
12/21/2016 11:32:17 PM      Server iniciado.
12/22/2016 12:35:54 AM      Server iniciado.
12/22/2016 12:41:56 AM      Server iniciado.
12/22/2016 12:43:52 AM      Server iniciado.
12/22/2016 12:44:54 AM      Server iniciado.
12/22/2016 12:46:15 AM      Server iniciado.
12/22/2016 12:48:41 AM      Server iniciado.
12/22/2016 12:53:46 AM      Server iniciado.
12/22/2016 12:55:50 AM      Server iniciado.
12/22/2016 12:57:05 AM      Server iniciado.
12/22/2016 12:59:01 AM      Server iniciado.
12/22/2016 1:10:07 AM       Server iniciado.
12/22/2016 1:12:49 AM       Server iniciado.
12/22/2016 1:14:28 AM       Server iniciado.
12/22/2016 1:20:15 AM       Server iniciado.
12/22/2016 1:42:29 AM       Server iniciado.
12/22/2016 1:44:10 AM       Server iniciado.
12/22/2016 11:45:59 AM      Server iniciado.
12/22/2016 12:16:31 PM      Server iniciado.
12/22/2016 12:19:23 PM      Server iniciado.
12/22/2016 12:22:44 PM      Server iniciado.
12/24/2016 9:43:07 PM       Server iniciado.
12/24/2016 10:03:58 PM      Server iniciado.
12/25/2016 5:12:51 PM       Server iniciado.
12/25/2016 5:30:13 PM       Server iniciado.
12/25/2016 5:44:41 PM       Server iniciado.
12/25/2016 5:58:13 PM       Server iniciado.
12/25/2016 6:23:03 PM       Server iniciado.
12/25/2016 6:32:25 PM       Server iniciado.
12/25/2016 6:35:58 PM       Server iniciado.
12/25/2016 6:45:47 PM       Server iniciado.
12/25/2016 6:53:17 PM       Server iniciado.
12/25/2016 6:57:09 PM       Server iniciado.
12/25/2016 7:03:06 PM       Server iniciado.
12/25/2016 7:03:56 PM       Server iniciado.
12/25/2016 7:14:37 PM       Server iniciado.
12/25/2016 7:56:13 PM       Server iniciado.
12/25/2016 8:06:01 PM       Server iniciado.
12/25/2016 8:07:21 PM       Server iniciado.
12/25/2016 8:08:26 PM       Server iniciado.
12/25/2016 8:10:57 PM       Server iniciado.
12/25/2016 8:12:59 PM       Server iniciado.
12/25/2016 8:15:04 PM       Server iniciado.
12/25/2016 8:17:29 PM       Server iniciado.
12/25/2016 8:23:13 PM       Server iniciado.
12/25/2016 8:25:10 PM       Server iniciado.
12/25/2016 8:27:29 PM       Server iniciado.
12/25/2016 8:33:14 PM       Server iniciado.
12/25/2016 8:35:33 PM       Server iniciado.
12/25/2016 8:48:32 PM       Server iniciado.
12/25/2016 8:51:51 PM       Server iniciado.
12/25/2016 8:58:08 PM       Server iniciado.
12/25/2016 8:59:42 PM       Server iniciado.
12/25/2016 9:00:48 PM       Server iniciado.
12/25/2016 9:01:56 PM       Server iniciado.
12/25/2016 9:04:52 PM       Server iniciado.
12/25/2016 9:05:46 PM       Server iniciado.
12/25/2016 9:06:39 PM       Server iniciado.
12/25/2016 9:08:37 PM       Server iniciado.
12/25/2016 11:02:03 PM      Server iniciado.
12/25/2016 11:10:03 PM      Server iniciado.
12/25/2016 11:11:44 PM      Server iniciado.
12/25/2016 11:14:06 PM      Server iniciado.
12/25/2016 11:23:15 PM      Server iniciado.
12/25/2016 11:27:16 PM      Server iniciado.
12/25/2016 11:48:10 PM      Server iniciado.
12/25/2016 11:49:59 PM      Server iniciado.
12/25/2016 11:51:13 PM      Server iniciado.
12/25/2016 11:53:17 PM      Server iniciado.
12/26/2016 12:04:00 AM      Server iniciado.
12/26/2016 12:08:26 AM      Server iniciado.
12/26/2016 12:12:51 AM      Server iniciado.
12/26/2016 12:21:03 AM      Server iniciado.
12/26/2016 12:28:28 AM      Server iniciado.
12/26/2016 12:34:37 AM      Server iniciado.
12/26/2016 12:36:34 AM      Server iniciado.
12/26/2016 12:43:05 AM      Server iniciado.
12/26/2016 12:45:33 AM      Server iniciado.
12/26/2016 12:47:09 AM      Server iniciado.
12/26/2016 12:47:52 AM      Server iniciado.
12/26/2016 12:48:39 AM      Server iniciado.
12/26/2016 12:51:01 AM      Server iniciado.
12/26/2016 12:52:50 AM      Server iniciado.
12/26/2016 12:53:47 AM      Server iniciado.
12/26/2016 12:54:43 AM      Server iniciado.
12/26/2016 12:58:37 AM      Server iniciado.
12/26/2016 1:01:14 AM       Server iniciado.
12/26/2016 1:04:20 AM       Server iniciado.
12/26/2016 1:06:52 AM       Server iniciado.
12/26/2016 1:09:02 AM       Server iniciado.
12/26/2016 1:12:01 AM       Server iniciado.
12/26/2016 1:14:50 AM       Server iniciado.
12/26/2016 1:19:08 AM       Server iniciado.
12/26/2016 1:22:14 AM       Server iniciado.
12/26/2016 1:23:29 AM       Server iniciado.
12/26/2016 1:25:33 AM       Server iniciado.
12/26/2016 1:27:05 AM       Server iniciado.
12/26/2016 1:29:44 AM       Server iniciado.
12/26/2016 1:31:50 AM       Server iniciado.
12/26/2016 1:33:22 AM       Server iniciado.
12/26/2016 1:34:59 AM       Server iniciado.
12/26/2016 1:35:47 AM       Server iniciado.
12/26/2016 1:37:52 AM       Server iniciado.
12/26/2016 2:29:30 AM       Server iniciado.
12/26/2016 3:20:33 AM       Server iniciado.
12/26/2016 2:20:34 PM       Server iniciado.
12/26/2016 2:25:34 PM       Server iniciado.
12/28/2016 5:21:24 PM       Server iniciado.
12/28/2016 5:22:12 PM       Server iniciado.
12/29/2016 3:03:44 AM       Server iniciado.
12/29/2016 4:22:55 AM        Server cerrado
12/29/2016 2:07:40 PM       Server iniciado.
11/01/2017 20:25:44         Server iniciado.
11/01/2017 20:36:55         Server iniciado.
12/01/2017 11:12:35         Server iniciado.
12/01/2017 20:55:38         Server iniciado.
12/01/2017 20:57:26         Server iniciado.
12/01/2017 21:00:35         Server iniciado.
12/01/2017 21:02:47         Server iniciado.
12/01/2017 21:13:08         Server iniciado.
12/01/2017 21:23:45         Server iniciado.
01/10/2018 7:49:13          Server iniciado.
01/10/2018 7:50:41          Server iniciado.
01/10/2018 8:09:14          Server iniciado.
01/10/2018 9:36:11          Server iniciado.
01/10/2018 9:52:12          Server iniciado.
