09/12/2016 9:55:16 CLEm: Poción azul -- Pocion de agilidad -- Pocion de fuerza -- Antidoto
09/12/2016 9:55:16 PA TU KASA: Poción roja --  --  -- 
09/12/2016 9:58:14 CLEM: Escudo Imperial +1 -- Escudo Imperial -- Escudo de madera -- Casco de plata
09/12/2016 9:58:14 muerte subita: Barca --  --  -- 
09/12/2016 10:05:23 CLEM: Pocion de fuerza -- Pocion de agilidad -- Poción roja -- 
09/12/2016 10:05:23 muerte subita: Poción azul -- Poción roja --  -- 
09/12/2016 13:09:29 Mighty: Poción azul -- Poción roja -- Pocion de fuerza -- Pocion de agilidad
09/12/2016 13:09:29 GHAM: Poción azul -- Poción roja -- Pocion de agilidad -- 
09/12/2016 16:55:26 RAMON: Poción azul --  --  -- 
09/12/2016 16:55:26 Z hajmir: Túnica Legendaria --  --  -- 
09/12/2016 16:56:12 RAMON: Gema celeste -- Tunica Lagred --  -- 
09/12/2016 16:56:12 Z hajmir: Ropa de Rey --  --  -- 
09/12/2016 17:12:25 CLEM: Casco de plata -- Escudo Imperial -- Espada de plata -- Túnica Zagreb
09/12/2016 17:12:25 JuR: Sombrero de hechicero -- Bastón nudoso -- Túnica Legendaria -- Túnica Legendaria
09/12/2016 17:15:14 CLEM: Túnica Zagreb -- Espada de plata -- Escudo Imperial -- Casco de plata
09/12/2016 17:15:14 JuR: Casco Infernal -- Túnica Legendaria -- Sombrero de hechicero -- Bastón nudoso
09/12/2016 17:16:14 CLEM: Sombrero de hechicero -- Bastón nudoso -- Túnica Legendaria -- Casco Infernal
09/12/2016 17:16:14 JuR: Escudo Imperial -- Espada de plata -- Túnica Zagreb -- Casco de plata
09/12/2016 18:05:30 planteman:  --  --  -- 
09/12/2016 18:05:30 Plantate: Pocion de fuerza -- Pocion de fuerza --  -- 
09/12/2016 18:25:37 LERTA: Poción azul -- Poción azul --  -- 
09/12/2016 18:25:37 Z hajmir:  --  --  -- 
09/12/2016 18:27:08 Z hajmir:  --  --  -- 
09/12/2016 18:27:08 LERTA: Poción azul --  --  -- 
09/12/2016 19:49:39 lEQUiA:  --  --  -- 
09/12/2016 19:49:39 VTEDYC: Gema Roja --  --  -- 
09/12/2016 20:13:19 este Si:  --  --  -- 
09/12/2016 20:13:19 iTZAM NAH: Montura de unicornio blanco --  --  -- 
09/12/2016 20:14:30 Z hajmir: Anillo de Rey Orco --  --  -- 
09/12/2016 20:14:30 SiOkA:  --  --  -- 
09/12/2016 20:51:32 CROTTELA:  --  --  -- 
09/12/2016 20:51:32 Z hajmir: Tunica Lagred --  --  -- 
09/12/2016 21:57:00 uPP:  --  --  -- 
09/12/2016 21:57:00 HACIENDO FRAGS: Corona Celestial --  --  -- 
10/12/2016 16:34:12 Czech: Sacri --  --  -- 
10/12/2016 16:34:12 ASSDD: Poción roja --  --  -- 
10/12/2016 18:41:03 VTEDYC: Gema Roja --  --  -- 
10/12/2016 18:41:03 TUMBA LA CASA HOLLiE:  --  --  -- 
10/12/2016 18:47:40 Camilo:  --  --  -- 
10/12/2016 18:47:40 Ari: Pocion de agilidad --  --  -- 
11/12/2016 13:06:24 TUMBA LA CASA HOLLiE: Poción azul --  --  --  CANJEOS: UserList(UserList(Userindex).ComercioNuevo.Usuario1).ComercioNuevo.CanjeosOfrecidos
11/12/2016 13:06:24 Anabella: Chupin --  --  --  CANJEOS: 0
11/12/2016 13:08:42 HACIENDO FRAGS: Corona Celestial --  --  --  CANJEOS: UserList(UserList(Userindex).ComercioNuevo.Usuario1).ComercioNuevo.CanjeosOfrecidos
11/12/2016 13:08:42 vUlMiTA: Corona de Atenas --  --  --  CANJEOS: 0
11/12/2016 15:42:05 Camilo:  --  --  --  CANJEOS: UserList(UserList(Userindex).ComercioNuevo.Usuario1).ComercioNuevo.CanjeosOfrecidos
11/12/2016 15:42:05 MasTeeR: Daga Helada --  --  --  CANJEOS: 0
12/12/2016 11:52:24 vUlMiTA: Armadura Daedrica --  --  --  CANJEOS: UserList(UserList(Userindex).ComercioNuevo.Usuario1).ComercioNuevo.CanjeosOfrecidos
12/12/2016 11:52:24 CROTTELA:  --  --  --  CANJEOS: 68
12/12/2016 11:53:58 yOu: Poción roja --  --  --  CANJEOS: UserList(UserList(Userindex).ComercioNuevo.Usuario1).ComercioNuevo.CanjeosOfrecidos
12/12/2016 11:53:58 ElCoMerciante: Corona de Atenas -- Corona de Atenas --  --  CANJEOS: 0
12/12/2016 11:56:20 yOu: Corona de Atenas --  --  --  CANJEOS: UserList(UserList(Userindex).ComercioNuevo.Usuario1).ComercioNuevo.CanjeosOfrecidos
12/12/2016 11:56:20 ElCoMerciante: Poción roja --  --  --  CANJEOS: 0
12/12/2016 12:02:05 DONTEAT:  --  --  --  CANJEOS: UserList(UserList(Userindex).ComercioNuevo.Usuario1).ComercioNuevo.CanjeosOfrecidos
12/12/2016 12:02:05 vUlMiTA: Daga Helada -- Daga Helada --  --  CANJEOS: 0
12/12/2016 15:25:21 yoU:  --  --  --  CANJEOS: UserList(UserList(Userindex).ComercioNuevo.Usuario1).ComercioNuevo.CanjeosOfrecidos
12/12/2016 15:25:21 TIMBURTON: Gema celeste --  --  --  CANJEOS: 0
12/12/2016 15:56:43 TempeSt: Báculo Ancestral (DONADOR) --  --  --  CANJEOS: UserList(UserList(Userindex).ComercioNuevo.Usuario1).ComercioNuevo.CanjeosOfrecidos
12/12/2016 15:56:43 la quema: Poción roja --  --  --  CANJEOS: 0
12/12/2016 20:10:08 lEQUiA:  --  --  --  CANJEOS: UserList(UserList(Userindex).ComercioNuevo.Usuario1).ComercioNuevo.CanjeosOfrecidos
12/12/2016 20:10:08 Waka: Armadura Daedrica --  --  --  CANJEOS: 0
12/12/2016 20:39:16 MANCHESTER: Ropa de Rey --  --  --  CANJEOS: UserList(UserList(Userindex).ComercioNuevo.Usuario1).ComercioNuevo.CanjeosOfrecidos
12/12/2016 20:39:16 CORTE ROCHO:  --  --  --  CANJEOS: 100
12/12/2016 21:53:58 Tekila Belinda: Corona de Atenas --  --  --  CANJEOS: UserList(UserList(Userindex).ComercioNuevo.Usuario1).ComercioNuevo.CanjeosOfrecidos
12/12/2016 21:53:58 kOALA:  --  --  --  CANJEOS: 140
12/12/2016 23:53:25 WyNS: Montura de unicornio blanco --  --  --  CANJEOS: UserList(UserList(Userindex).ComercioNuevo.Usuario1).ComercioNuevo.CanjeosOfrecidos
12/12/2016 23:53:25 Oliver:  --  --  --  CANJEOS: 5
13/12/2016 1:04:56 WasQ: Bastón nudoso --  --  --  CANJEOS: UserList(UserList(Userindex).ComercioNuevo.Usuario1).ComercioNuevo.CanjeosOfrecidos
13/12/2016 1:04:56 newbeRRy: Poción roja -- Poción roja --  --  CANJEOS: 0
13/12/2016 4:46:06 Frani: Corona Celestial --  --  --  CANJEOS: UserList(UserList(Userindex).ComercioNuevo.Usuario1).ComercioNuevo.CanjeosOfrecidos
13/12/2016 4:46:06 Madison:  --  --  --  CANJEOS: 0
13/12/2016 13:58:14 Neliam: Escudo Imperial -- Gorrito de navidad -- Túnica Drummond -- Espada de Neithan CANJEOS: UserList(UserList(Userindex).ComercioNuevo.Usuario1).ComercioNuevo.CanjeosOfrecidos
13/12/2016 13:58:14 Stonne:  --  --  --  CANJEOS: 0
13/12/2016 15:48:27 WaKa: Armadura Daedrica -- Tunica Lagred --  --  CANJEOS: UserList(UserList(Userindex).ComercioNuevo.Usuario1).ComercioNuevo.CanjeosOfrecidos
13/12/2016 15:48:27 pERHAPS:  --  --  --  CANJEOS: 200
13/12/2016 15:49:28 pERHAPS: Poción azul --  --  --  CANJEOS: UserList(UserList(Userindex).ComercioNuevo.Usuario1).ComercioNuevo.CanjeosOfrecidos
13/12/2016 15:49:28 WaKa:  --  --  --  CANJEOS: 1700
13/12/2016 16:49:56 ZELTiCkk: Sombrero de principiante --  --  --  CANJEOS: UserList(UserList(Userindex).ComercioNuevo.Usuario1).ComercioNuevo.CanjeosOfrecidos
13/12/2016 16:49:56 ARE:  --  --  --  CANJEOS: 46
13/12/2016 17:23:30 PATRACHs: Corona de Atenas --  --  --  CANJEOS: UserList(UserList(Userindex).ComercioNuevo.Usuario1).ComercioNuevo.CanjeosOfrecidos
13/12/2016 17:23:30 VAMBA: Gema Encantadora -- Tunica de almas --  --  CANJEOS: 0
13/12/2016 21:38:51 Sheila: Ropa Penintenciaria --  --  --  CANJEOS: UserList(UserList(Userindex).ComercioNuevo.Usuario1).ComercioNuevo.CanjeosOfrecidos
13/12/2016 21:38:51 rottsa: Tunica de almas --  --  --  CANJEOS: 0
13/12/2016 22:08:10 Mandy:  --  --  --  CANJEOS: UserList(UserList(Userindex).ComercioNuevo.Usuario1).ComercioNuevo.CanjeosOfrecidos
13/12/2016 22:08:10 ASSDD: Daga Helada --  --  --  CANJEOS: 0
14/12/2016 9:50:46 otilia: Montura de minotauro --  --  --  CANJEOS: UserList(UserList(Userindex).ComercioNuevo.Usuario1).ComercioNuevo.CanjeosOfrecidos
14/12/2016 9:50:46 lEQUiA: Corona Celestial --  --  --  CANJEOS: 0
14/12/2016 22:57:49 Rhu Mai:  --  --  --  CANJEOS:120
14/12/2016 22:57:49 CHUASKA: Corona de Atenas --  --  --  CANJEOS: 0
15/12/2016 10:32:00 WasQ:  --  --  --  CANJEOS:70
15/12/2016 10:32:00 lEQUiA: Gema celeste --  --  --  CANJEOS: 0
15/12/2016 12:02:19 Tibalt:  --  --  --  CANJEOS:15
15/12/2016 12:02:19 sneip: Montura de unicornio blanco --  --  --  CANJEOS: 0
16/12/2016 2:38:46 RUPERTA:  --  --  --  CANJEOS:100
16/12/2016 2:38:46 EL PROBLEMATIK: Corona de Atenas --  --  --  CANJEOS: 0
16/12/2016 12:53:21 Frijol: Gema Encantadora --  --  --  CANJEOS:0
16/12/2016 12:53:21 FALUCHO:  --  --  --  CANJEOS: 42
16/12/2016 14:44:43 bROW NIE: Corona de Atenas --  --  --  CANJEOS:0
16/12/2016 14:44:43 OTILIA: Corona Celestial --  --  --  CANJEOS: 0
16/12/2016 14:54:38 cristiano ronaldo:  --  --  --  CANJEOS:600
16/12/2016 14:54:38 voran: Báculo Sagrado --  --  --  CANJEOS: 0
16/12/2016 14:55:04 yOUNG:  --  --  --  CANJEOS:100
16/12/2016 14:55:04 voran: Corona de Atenas --  --  --  CANJEOS: 0
16/12/2016 19:54:31 Agente Ogt: Pocion de agilidad -- Pocion de agilidad --  --  CANJEOS:0
16/12/2016 19:54:31 CELESTE CiD: Chupin --  --  --  CANJEOS: 0
16/12/2016 19:55:26 TUMBA LA CASA HOLLiE:  --  --  --  CANJEOS:0
16/12/2016 19:55:26 ENTANGADa: Pocion de agilidad -- Pocion de agilidad --  --  CANJEOS: 0
16/12/2016 20:14:25 yOUNG: Corona de Atenas --  --  --  CANJEOS:0
16/12/2016 20:14:25 Agente Ogt: Chupin --  --  --  CANJEOS: 0
16/12/2016 20:25:38 CRISTIANO RONALDO: Gema celeste --  --  --  CANJEOS:0
16/12/2016 20:25:38 Bangetth: Corona de Atenas --  --  --  CANJEOS: 0
16/12/2016 20:32:34 Bangetth: Corona Celestial --  --  --  CANJEOS:0
16/12/2016 20:32:34 CRISTIANO RONALDO: Gema Roja --  --  --  CANJEOS: 0
16/12/2016 21:31:14 EL JARDINERO WILY:  --  --  --  CANJEOS:60
16/12/2016 21:31:14 FALUCHO: Gema Encantadora --  --  --  CANJEOS: 0
16/12/2016 21:50:41 ASSDD:  --  --  --  CANJEOS:340
16/12/2016 21:50:41 vUlMita: Sombrero de las Sombras -- Sombrero de las Sombras --  --  CANJEOS: 0
16/12/2016 22:12:08 pERHAPS: Escudo Reforzado --  --  --  CANJEOS:0
16/12/2016 22:12:08 Sr smither:  --  --  --  CANJEOS: 300
16/12/2016 22:12:35 yOUNG: Chupin --  --  --  CANJEOS:0
16/12/2016 22:12:35 ASSDD: Tunica de almas --  --  --  CANJEOS: 0
16/12/2016 22:13:37 yOUNG: Tunica de almas --  --  --  CANJEOS:0
16/12/2016 22:13:37 ASSDD: Chupin --  --  --  CANJEOS: 0
16/12/2016 22:17:29 lEQUiA: Gema Encantadora --  --  --  CANJEOS:0
16/12/2016 22:17:29 pERHAPS:  --  --  --  CANJEOS: 175
16/12/2016 22:36:26 yOUNG: Chupin --  --  --  CANJEOS:0
16/12/2016 22:36:26 uClEEk: Ropa de Rey --  --  --  CANJEOS: 0
16/12/2016 22:36:57 yOUNG: Ropa de Rey --  --  --  CANJEOS:0
16/12/2016 22:36:57 uClEEk: Chupin --  --  --  CANJEOS: 0
16/12/2016 23:25:00 i: Poción azul --  --  --  CANJEOS:0
16/12/2016 23:25:00 Clarke:  --  --  --  CANJEOS: 57
17/12/2016 1:42:33 yOUNG: Chupin --  --  --  CANJEOS:0
17/12/2016 1:42:33 Efukt: Poción azul --  --  --  CANJEOS: 0
17/12/2016 1:43:31 Efukt: Chupin --  --  --  CANJEOS:0
17/12/2016 1:43:31 yOUNG: Pocion de agilidad --  --  --  CANJEOS: 0
17/12/2016 1:43:50 yOUNG: Chupin --  --  --  CANJEOS:0
17/12/2016 1:43:50 YOQc: Poción azul --  --  --  CANJEOS: 0
17/12/2016 15:04:30 vORAN: Escudo Reforzado --  --  --  CANJEOS:0
17/12/2016 15:04:30 pERHAPS: Poción roja --  --  --  CANJEOS: 0
18/12/2016 14:11:41 Agente Ogt: Corona de Atenas -- Corona de Atenas --  --  CANJEOS:0
18/12/2016 14:11:41 Frijol:  --  --  --  CANJEOS: 110
19/12/2016 17:13:59 torqO: Corona Celestial --  --  --  CANJEOS:0
19/12/2016 17:13:59 mOLUZCO:  --  --  --  CANJEOS: 85
21/12/2016 1:27:37 jUANCEtO: Daga Helada --  --  --  CANJEOS:0
21/12/2016 1:27:37 bigmama: Corona Celestial -- Tunica de almas --  --  CANJEOS: 0
23/12/2016 15:35:20 juanceto: Poción azul -- Poción azul --  --  CANJEOS:8
23/12/2016 15:35:20 Chino Luna: Poción roja --  --  --  CANJEOS: 0
24/12/2016 19:55:34 OTILIA: Corona de Atenas --  --  --  CANJEOS:0
24/12/2016 19:55:34 DONTEAT:  --  --  --  CANJEOS: 50
24/12/2016 19:56:11 OTILIA: Tunica de almas --  --  --  CANJEOS:0
24/12/2016 19:56:11 DONTEAT:  --  --  --  CANJEOS: 50
