01/10/2018 8:00:11 Error en LoadUser. N: - 0-
01/10/2018 8:05:25 Error en SeFue user:Neliam
01/10/2018 8:09:29 HandleData. CadOri:JHUMPHNeliam,c733732f7002d367d5506bf5ffb74e0b,1.3.4,198,00-00-00-00-00-00,1414298746,To be filled by O.E.M.~0 Nom: UI:1 N: 9 D: El subíndice está fuera del intervalo
01/10/2018 8:09:32 Error en LoadUser. N: - 0-
01/10/2018 8:13:12 Error en SeFue user:Neliam
01/10/2018 9:36:29 Error en LoadUser. N: - 0-
01/10/2018 9:41:06 Error en SeFue user:Neliam
01/10/2018 9:41:07 Error en LoadUser. N: - 0-
01/10/2018 9:42:44 Error en LoadUser. N: - 0-
01/10/2018 9:52:15 Error en LoadUser. N: - 0-
01/10/2018 9:52:24 HandleData. CadOri:JHUMPHPepito,d41d8cd98f00b204e9800998ecf8427e,1.3.4,517,00-00-00-00-00-00,1414298746,To be filled by O.E.M.~0 Nom: UI:2 N: 9 D: El subíndice está fuera del intervalo
01/10/2018 9:52:26 Error en LoadUser. N: - 0-
01/10/2018 9:53:47 Error en SeFue user:Neliam
01/10/2018 9:54:10 Error en SeFue user:Neliam
01/10/2018 9:54:11 Error en SeFue user:Pepito
01/10/2018 9:58:34 HandleData. CadOri:/ADVERTIR ~0 Nom:Neliam UI:1 N: 9 D: El subíndice está fuera del intervalo
01/10/2018 9:58:39 Error en SeFue user:Neliam
01/10/2018 9:58:56 Error en LoadUser. N: - 0-
01/10/2018 9:59:04 Error en SeFue user:Neliam
01/10/2018 9:59:05 Error en SeFue user:Pepito
