Mapa 4: Entrada dungeon abismal
9 Lobo
6 Murciélago

Mapa 13: Entrada Dungeon Dragon
8 Serpiente

Mapa 17: Cueva misteriosa
3 Araña gigante
4 Esqueleto Guerrero
1 Esqueleto

Mapa 20: Desierto
7 Araña gigante
6 Esqueleto Guerrero
3 Serpiente
3 Lord Zombie
4 Zombie
3 Gallo salvaje

Mapa 22: Dungeon Abismal
4 Esqueleto Guerrero
3 Araña gigante
3 Lord Zombie
2 Serpiente

Mapa 23: Infierno
2 Guardia del Caos
4 Guardia del Caos
2 Guardia del Caos

Mapa 29: Cueva misteriosa
2 Demonio Abismal
1 Acólito

Mapa 31: Entrada a Dungeon Golem
4 Piraña
3 Tiburón
1 Tiburón Blanco

Mapa 35: Aguas de Arghelin
13 Piraña
2 Tiburón Blanco
2 Tiburón

Mapa 36: Alta mar
6 Piraña
3 Galeón fantasmal

Mapa 37: Aguas de Arghelin
34 Piraña

Mapa 38: Aguas profundas
17 Piraña
2 Calamar gigante
1 Tiburón Blanco

Mapa 39: Alta mar
21 Piraña

Mapa 40: Bosque
3 Globlin
2 Lord Zombie
1 Tigre
1 Gallo salvaje
2 Araña gigante
3 Murciélago
3 Lobo

Mapa 41: Cementerio
5 Lobo
2 Lobo
3 Gallo salvaje
4 Murciélago
6 Serpiente
2 Decapitado a caballo
1 Asesino

Mapa 42: Aguas de ullathorpe
15 Piraña
3 Tiburón

Mapa 43: Alta mar
2 Leviatán
3 Piraña

Mapa 44: Bosque
2 Tiburón
3 Piraña
2 Orco
1 Araña gigante
2 Murciélago
1 Serpiente

Mapa 45: Bosque
3 Asesino
1 Gallo salvaje
6 Araña gigante
5 Serpiente

Mapa 46: Planices del oeste
4 Murciélago
6 Esqueleto
5 Lobo
2 Gallo salvaje

Mapa 47: Alta mar
15 Piraña

Mapa 48: Bosque
7 Murciélago
8 Tortuga gigante
2 Globlin

Mapa 49: Bosque
6 Serpiente
4 Oso pardo
5 Globlin
5 Murciélago

Mapa 50: Aguas profundas
15 Piraña
1 Leviatán
1 Tiburón Blanco

Mapa 51: Dungeon Dragon
1 Espectro
3 Aparición
2 Momia

Mapa 52: Dungeon Dragon
1 Viuda negra
1 Minotauro
2 Señor de las Sombras
1 Murciélago

Mapa 53: Dungeon Golem
3 Murciélago
1 Beholder
1 Serpiente
1 Lord Zombie

Mapa 54: G. Plata, bronce, Hielo
1 Golem de Plata

Mapa 55: Golem de Oro
1 Serpiente
1 Golem de Oro
1 Muerte Guardian

Mapa 56: Dungeon Abismal
1 Serpiente
2 Medusa
1 Serpiente

Mapa 58: Polo oeste
2 Piraña
1 Tiburón Blanco
3 Oso Polar
2 Ogro Polar
1 Liche Polar

Mapa 59: Polo centro
1 Ogro Polar
3 Oso Polar
2 Yeti
1 Serpiente

Mapa 60: Polo este
2 Ogro Polar
2 Oso Polar
1 Unicornio blanco
1 Liche Polar

Mapa 63: Arghal
6 Guardia del Caos
4 Guardia del Caos
2 Guardia del Caos

Mapa 64: Banderbill
4 Guardia Imperial
4 Mago imperial
2 Druida

Mapa 65: Aguas profundas
4 Leviatán
4 Piraña

Mapa 66: Aguas de arghal
4 Piraña

Mapa 67: Bosque Dork Norte
3 Orco
4 Araña gigante
2 Murciélago

Mapa 68: Bosque Dork sur
6 Araña gigante
3 Lord Zombie
2 Murciélago

Mapa 69: Cielo
4 Mago imperial
2 Guardia Imperial

Mapa 71: D. Inferno
2 Dragón Infernal
3 Mago malvado
1 Demonio
1 Jinete sin cabeza
1 Rey Orco
1 Mago malvado

Mapa 72: Inferno
11 Guardian del Fuego
1 Guardian del Tierra
1 Defensor del mal

Mapa 73: D. Ancestral
2 Liche
3 Lord Orco
2 Bruja

Mapa 74: Ancestral
3 Murciélago
4 Engendro del demonio
1 Beholder

Mapa 75: Entrada a Ultratumba
2 Murciélago
1 Gran Dragón Azul
1 Gran Dragón Verde

Mapa 76: Ultratumba
1 Murciélago
1 Rey Dragón
1 Esqueleto

