01/10/2018 8:00:11 Se conecto con ip:127.0.0.1 HD> 1414298746 MotherNumber> To be filled by O.E.M.
01/10/2018 8:00:13 /INVISIBLE
01/10/2018 8:01:01 Creo objeto:Báculo Sagrado (1)
01/10/2018 8:02:15 Transporto a Neliam hacia Mapa1 X:0 Y:0
01/10/2018 8:02:17 /TELEPLOC a x:45 Y:46 Map:1
01/10/2018 8:02:17 /TELEPLOC a x:42 Y:44 Map:1
01/10/2018 8:02:18 /TELEPLOC a x:39 Y:45 Map:1
01/10/2018 8:02:47 Abrio un torneo Automático para 1 Usuarios.
01/10/2018 8:02:49 Cancelo torneo Automático.
01/10/2018 8:02:51 Abrio un torneo Automático de plantes para 1 Usuarios.
01/10/2018 8:02:53 Cancelo torneo Automático de plantes.
01/10/2018 8:02:55 Abrio un torneo Automático 2vs2 para 2 parejas.
01/10/2018 8:02:57 Cancelo torneo Automático 2vs2.
01/10/2018 8:02:59 Abrio un evento de portales para 1 Usuarios.
01/10/2018 8:03:01 Cancelo evento de portales.
01/10/2018 8:03:03 Abrio un deathmatch Automático para 1 Usuarios.
01/10/2018 8:03:06 Cancelo deathmatch Automático.
01/10/2018 8:03:09 Mensaje Broadcast:En instantes realizaré una quest (Carreras), comando /PARTICIPAR, Hora Ejemplo (10:00:00) Hora del servidor abro.
01/10/2018 8:03:09 Mensaje Broadcast:Reglas: Solo vale los hechizos inmovilizar y remover paralizis, no se puede entrar con clases sin mana.
01/10/2018 8:03:12 Bloqueo zonas de carrera.
01/10/2018 8:03:13 Comenzo round carreras.
01/10/2018 8:03:19 Hora.
01/10/2018 8:03:40 Abrio cupos para The Team modalidad 1 Vs. 1.
01/10/2018 8:03:45 Cancelo The Team.
01/10/2018 8:03:51 Abrio cupos para Protector modalidad 1 Vs. 1.
01/10/2018 8:03:56 Cancelo Protector.
01/10/2018 8:03:59 /TELEPLOC a x:40 Y:43 Map:1
01/10/2018 8:04:01 Transporto a Neliam hacia Mapa25 X:0 Y:0
01/10/2018 8:04:02 /TELEPLOC a x:48 Y:47 Map:25
01/10/2018 8:04:03 /TELEPLOC a x:47 Y:43 Map:25
01/10/2018 8:04:03 /TELEPLOC a x:45 Y:38 Map:25
01/10/2018 8:04:06 Transporto a Neliam hacia Mapa16 X:0 Y:0
01/10/2018 8:04:07 /TELEPLOC a x:54 Y:51 Map:16
01/10/2018 8:04:08 /TELEPLOC a x:57 Y:54 Map:16
01/10/2018 8:04:08 /TELEPLOC a x:59 Y:58 Map:16
01/10/2018 8:04:09 /TELEPLOC a x:60 Y:56 Map:16
01/10/2018 8:04:09 /TELEPLOC a x:59 Y:52 Map:16
01/10/2018 8:04:09 /TELEPLOC a x:58 Y:48 Map:16
01/10/2018 8:04:09 /TELEPLOC a x:57 Y:43 Map:16
01/10/2018 8:09:32 Se conecto con ip:127.0.0.1 HD> 1414298746 MotherNumber> To be filled by O.E.M.
01/10/2018 8:09:34 /INVISIBLE
01/10/2018 8:09:36 Transporto a Neliam hacia Mapa1 X:0 Y:0
01/10/2018 8:09:37 /TELEPLOC a x:46 Y:47 Map:1
01/10/2018 8:09:37 /TELEPLOC a x:44 Y:45 Map:1
01/10/2018 8:09:38 /TELEPLOC a x:39 Y:46 Map:1
01/10/2018 8:10:46 Transporto a Neliam hacia Mapa13 X:0 Y:0
01/10/2018 8:10:53 /TELEPLOC a x:49 Y:50 Map:13
01/10/2018 8:10:54 /TELEPLOC a x:52 Y:49 Map:13
01/10/2018 8:10:55 /TELEPLOC a x:53 Y:52 Map:13
01/10/2018 8:10:56 /TELEPLOC a x:54 Y:56 Map:13
01/10/2018 8:10:56 /TELEPLOC a x:54 Y:61 Map:13
01/10/2018 8:10:56 /TELEPLOC a x:53 Y:64 Map:13
01/10/2018 8:10:57 Transporto a Neliam hacia Mapa1 X:0 Y:0
01/10/2018 8:10:58 /TELEPLOC a x:45 Y:51 Map:1
01/10/2018 8:10:58 /TELEPLOC a x:39 Y:52 Map:1
01/10/2018 8:11:16 /TELEPLOC a x:53 Y:52 Map:2
01/10/2018 8:11:20 Abrio un torneo Automático para 1 Usuarios.
01/10/2018 8:11:24 Cancelo torneo Automático.
01/10/2018 8:11:26 Abrio un torneo Automático de plantes para 1 Usuarios.
01/10/2018 8:11:28 Cancelo torneo Automático de plantes.
01/10/2018 8:11:30 Abrio un torneo Automático 2vs2 para 2 parejas.
01/10/2018 8:11:31 Cancelo torneo Automático 2vs2.
01/10/2018 8:11:33 Abrio un evento de portales para 10 Usuarios.
01/10/2018 8:11:35 Cancelo evento de portales.
01/10/2018 8:11:36 Abrio un deathmatch Automático para 10 Usuarios.
01/10/2018 8:11:38 Cancelo deathmatch Automático.
01/10/2018 8:11:56 Mensaje Broadcast:En instantes realizaré una quest (Carreras), comando /PARTICIPAR, Hora Ejemplo (10:00:00) Hora del servidor abro.
01/10/2018 8:11:57 Mensaje Broadcast:Reglas: Solo vale los hechizos inmovilizar y remover paralizis, no se puede entrar con clases sin mana.
01/10/2018 8:11:57 Bloqueo zonas de carrera.
01/10/2018 8:11:57 Comenzo round carreras.
01/10/2018 8:12:07 Creo objeto:Túnica Alada. (DONADOR) (1)
01/10/2018 8:12:16 Abrio cupos para Protector modalidad 10 Vs. 10.
01/10/2018 8:12:19 Cancelo Protector.
01/10/2018 8:12:25 Abrio cupos para The Team modalidad 10 Vs. 10.
01/10/2018 8:12:27 Cancelo The Team.
01/10/2018 9:36:29 Se conecto con ip:127.0.0.1 HD> 1414298746 MotherNumber> To be filled by O.E.M.
01/10/2018 9:36:32 /INVISIBLE
01/10/2018 9:36:38 /INVISIBLE
01/10/2018 9:36:38 /INVISIBLE
01/10/2018 9:37:24 Abrio un torneo Automático para 4 Usuarios.
01/10/2018 9:37:28 Cancelo torneo Automático.
01/10/2018 9:37:52 /INVISIBLE
01/10/2018 9:38:06 Abrio un evento de portales para 1 Usuarios.
01/10/2018 9:38:08 /INVISIBLE
01/10/2018 9:38:18 /INVISIBLE
01/10/2018 9:38:18 /INVISIBLE
01/10/2018 9:39:32 /TELEPLOC a x:32 Y:14 Map:5
01/10/2018 9:39:32 /TELEPLOC a x:38 Y:15 Map:5
01/10/2018 9:39:32 /TELEPLOC a x:44 Y:17 Map:5
01/10/2018 9:39:32 /TELEPLOC a x:49 Y:19 Map:5
01/10/2018 9:39:34 /TELEPLOC a x:51 Y:21 Map:5
01/10/2018 9:39:34 /TELEPLOC a x:49 Y:24 Map:5
01/10/2018 9:39:34 /TELEPLOC a x:46 Y:27 Map:5
01/10/2018 9:39:34 /TELEPLOC a x:42 Y:30 Map:5
01/10/2018 9:39:34 /TELEPLOC a x:37 Y:34 Map:5
01/10/2018 9:39:35 /TELEPLOC a x:31 Y:38 Map:5
01/10/2018 9:39:36 /TELEPLOC a x:25 Y:16 Map:5
01/10/2018 9:39:36 /TELEPLOC a x:28 Y:19 Map:5
01/10/2018 9:39:36 /TELEPLOC a x:29 Y:23 Map:5
01/10/2018 9:39:36 /TELEPLOC a x:30 Y:27 Map:5
01/10/2018 9:39:36 /TELEPLOC a x:30 Y:31 Map:5
01/10/2018 9:39:37 /TELEPLOC a x:32 Y:34 Map:5
01/10/2018 9:39:37 /TELEPLOC a x:35 Y:38 Map:5
01/10/2018 9:39:38 /INVISIBLE
01/10/2018 9:39:39 /TELEPLOC a x:44 Y:38 Map:5
01/10/2018 9:39:39 /TELEPLOC a x:50 Y:38 Map:5
01/10/2018 9:39:40 /TELEPLOC a x:44 Y:43 Map:5
01/10/2018 9:39:41 /TELEPLOC a x:40 Y:45 Map:5
01/10/2018 9:39:41 /TELEPLOC a x:38 Y:49 Map:5
01/10/2018 9:39:41 /TELEPLOC a x:35 Y:53 Map:5
01/10/2018 9:39:41 /TELEPLOC a x:32 Y:57 Map:5
01/10/2018 9:39:42 /TELEPLOC a x:38 Y:58 Map:5
01/10/2018 9:39:42 /TELEPLOC a x:43 Y:60 Map:5
01/10/2018 9:39:42 /TELEPLOC a x:48 Y:62 Map:5
01/10/2018 9:39:42 /TELEPLOC a x:50 Y:64 Map:5
01/10/2018 9:39:43 /TELEPLOC a x:47 Y:67 Map:5
01/10/2018 9:39:43 /TELEPLOC a x:45 Y:70 Map:5
01/10/2018 9:39:43 /TELEPLOC a x:45 Y:73 Map:5
01/10/2018 9:39:44 /TELEPLOC a x:44 Y:76 Map:5
01/10/2018 9:39:44 /TELEPLOC a x:43 Y:78 Map:5
01/10/2018 9:39:45 /INVISIBLE
01/10/2018 9:39:54 /INVISIBLE
01/10/2018 9:39:57 Transporto a Neliam hacia Mapa2 X:50 Y:50
01/10/2018 9:39:57 Transporto a Neliam hacia Mapa14 X:50 Y:50
01/10/2018 9:39:58 Transporto a Neliam hacia Mapa3 X:50 Y:50
01/10/2018 9:40:00 /TELEPLOC a x:51 Y:51 Map:3
01/10/2018 9:40:00 /TELEPLOC a x:49 Y:52 Map:3
01/10/2018 9:40:00 /TELEPLOC a x:47 Y:54 Map:3
01/10/2018 9:40:00 /TELEPLOC a x:44 Y:57 Map:3
01/10/2018 9:40:00 /TELEPLOC a x:41 Y:61 Map:3
01/10/2018 9:40:01 /TELEPLOC a x:36 Y:63 Map:3
01/10/2018 9:40:01 /TELEPLOC a x:37 Y:61 Map:3
01/10/2018 9:40:37 /INVISIBLE
01/10/2018 9:40:38 /INVISIBLE
01/10/2018 9:40:49 /TELEPLOC a x:13 Y:44 Map:1
01/10/2018 9:40:49 /TELEPLOC a x:11 Y:40 Map:1
01/10/2018 9:40:49 /TELEPLOC a x:88 Y:35 Map:46
01/10/2018 9:40:50 /TELEPLOC a x:87 Y:31 Map:46
01/10/2018 9:40:50 /TELEPLOC a x:87 Y:24 Map:46
01/10/2018 9:40:50 /TELEPLOC a x:87 Y:18 Map:46
01/10/2018 9:40:50 /TELEPLOC a x:87 Y:11 Map:46
01/10/2018 9:40:51 /TELEPLOC a x:87 Y:11 Map:46
01/10/2018 9:40:51 /TELEPLOC a x:86 Y:84 Map:49
01/10/2018 9:40:52 /TELEPLOC a x:85 Y:78 Map:49
01/10/2018 9:40:52 /TELEPLOC a x:85 Y:72 Map:49
01/10/2018 9:40:52 /TELEPLOC a x:85 Y:66 Map:49
01/10/2018 9:40:52 /TELEPLOC a x:85 Y:60 Map:49
01/10/2018 9:40:52 /TELEPLOC a x:85 Y:53 Map:49
01/10/2018 9:40:52 /TELEPLOC a x:85 Y:46 Map:49
01/10/2018 9:40:52 /TELEPLOC a x:85 Y:40 Map:49
01/10/2018 9:40:53 /TELEPLOC a x:85 Y:33 Map:49
01/10/2018 9:40:53 /TELEPLOC a x:84 Y:27 Map:49
01/10/2018 9:40:53 /TELEPLOC a x:82 Y:21 Map:49
01/10/2018 9:40:53 /TELEPLOC a x:82 Y:16 Map:49
01/10/2018 9:40:54 /TELEPLOC a x:82 Y:19 Map:49
01/10/2018 9:40:54 /TELEPLOC a x:82 Y:24 Map:49
01/10/2018 9:40:56 /TELEPLOC a x:41 Y:51 Map:57
01/10/2018 9:40:57 /TELEPLOC a x:45 Y:47 Map:57
01/10/2018 9:40:57 /TELEPLOC a x:47 Y:43 Map:57
01/10/2018 9:40:57 /TELEPLOC a x:49 Y:38 Map:57
01/10/2018 9:40:57 /TELEPLOC a x:50 Y:34 Map:57
01/10/2018 9:40:57 /TELEPLOC a x:52 Y:30 Map:57
01/10/2018 9:40:58 /TELEPLOC a x:52 Y:26 Map:57
01/10/2018 9:40:58 /TELEPLOC a x:52 Y:22 Map:57
01/10/2018 9:40:58 /TELEPLOC a x:54 Y:23 Map:57
01/10/2018 9:41:04 Transporto a Neliam hacia Mapa1 X:0 Y:0
01/10/2018 9:41:07 Se conecto con ip:127.0.0.1 HD> 1414298746 MotherNumber> To be filled by O.E.M.
01/10/2018 9:41:39 /INVISIBLE
01/10/2018 9:41:39 /INVISIBLE
01/10/2018 9:41:43 /INVISIBLE
01/10/2018 9:41:43 /INVISIBLE
01/10/2018 9:41:43 /INVISIBLE
01/10/2018 9:41:44 /INVISIBLE
01/10/2018 9:42:53 /SUM Pepito Map:2 X:50 Y:53
01/10/2018 9:42:54 /INVISIBLE
01/10/2018 9:42:58 /TELEPLOC a x:50 Y:52 Map:2
01/10/2018 9:43:09 /Mod pepito exp 99999999
01/10/2018 9:43:29 /TELEPLOC a x:57 Y:49 Map:2
01/10/2018 9:43:31 /INVISIBLE
01/10/2018 9:43:32 /TELEPLOC a x:61 Y:45 Map:2
01/10/2018 9:43:35 /TELEPLOC a x:44 Y:49 Map:1
01/10/2018 9:43:36 /TELEPLOC a x:42 Y:47 Map:1
01/10/2018 9:43:36 /TELEPLOC a x:38 Y:45 Map:1
01/10/2018 9:43:38 /TELEPLOC a x:57 Y:48 Map:2
01/10/2018 9:44:49 /TELEPLOC a x:63 Y:43 Map:2
01/10/2018 9:46:47 /INVISIBLE
01/10/2018 9:46:47 /INVISIBLE
01/10/2018 9:46:49 /INVISIBLE
01/10/2018 9:46:52 /TELEPLOC a x:50 Y:54 Map:2
01/10/2018 9:46:53 /TELEPLOC a x:46 Y:53 Map:2
01/10/2018 9:47:07 /TELEPLOC a x:46 Y:57 Map:2
01/10/2018 9:47:07 /TELEPLOC a x:41 Y:61 Map:2
01/10/2018 9:47:09 Transporto a Neliam hacia Mapa1 X:0 Y:0
01/10/2018 9:47:23 /MOD NELIAM CANJE 10000
01/10/2018 9:48:24 Transporto a Neliam hacia Mapa13 X:0 Y:0
01/10/2018 9:48:26 /TELEPLOC a x:50 Y:57 Map:13
01/10/2018 9:48:27 /TELEPLOC a x:49 Y:59 Map:13
01/10/2018 9:48:27 /TELEPLOC a x:48 Y:62 Map:13
01/10/2018 9:48:45 Transporto a Neliam hacia Mapa2 X:0 Y:0
01/10/2018 9:48:46 /TELEPLOC a x:52 Y:50 Map:2
01/10/2018 9:48:49 /SUM Pepito Map:2 X:52 Y:50
01/10/2018 9:48:56 /TELEPLOC a x:50 Y:50 Map:2
01/10/2018 9:48:57 /TELEPLOC a x:52 Y:53 Map:2
01/10/2018 9:52:15 Se conecto con ip:127.0.0.1 HD> 1414298746 MotherNumber> To be filled by O.E.M.
01/10/2018 9:52:31 /SUM Pepito Map:1 X:49 Y:49
01/10/2018 9:52:32 /INVISIBLE
01/10/2018 9:52:33 /TELEPLOC a x:46 Y:51 Map:1
01/10/2018 9:53:17 /TELEPLOC a x:54 Y:50 Map:2
01/10/2018 9:53:18 /INVISIBLE
01/10/2018 9:53:18 /INVISIBLE
01/10/2018 9:53:19 /TELEPLOC a x:54 Y:51 Map:2
01/10/2018 9:54:23 /TELEPLOC a x:39 Y:70 Map:7
01/10/2018 9:54:23 /TELEPLOC a x:42 Y:73 Map:7
01/10/2018 9:54:24 /TELEPLOC a x:45 Y:77 Map:7
01/10/2018 9:54:24 /TELEPLOC a x:48 Y:75 Map:7
01/10/2018 9:54:37 /INVISIBLE
01/10/2018 9:54:56 /TELEPLOC a x:54 Y:50 Map:2
01/10/2018 9:55:00 /TELEPLOC a x:51 Y:50 Map:2
01/10/2018 9:55:00 /INVISIBLE
01/10/2018 9:55:18 /INVISIBLE
01/10/2018 9:55:19 /TELEPLOC a x:47 Y:48 Map:2
01/10/2018 9:55:19 /TELEPLOC a x:50 Y:49 Map:2
01/10/2018 9:55:19 /TELEPLOC a x:53 Y:51 Map:2
01/10/2018 9:55:21 /TELEPLOC a x:54 Y:51 Map:2
01/10/2018 9:55:30 /MOD Pepito Hp 2000
01/10/2018 9:55:39 /TELEPLOC a x:57 Y:52 Map:2
01/10/2018 9:56:21 /INVISIBLE
01/10/2018 9:56:21 /TELEPLOC a x:52 Y:50 Map:2
01/10/2018 9:56:21 /TELEPLOC a x:48 Y:50 Map:2
01/10/2018 9:56:23 /TELEPLOC a x:50 Y:51 Map:2
01/10/2018 9:56:26 /INVISIBLE
01/10/2018 9:56:29 /INVISIBLE
01/10/2018 9:56:37 /INVISIBLE
01/10/2018 9:56:47 Transporto a Neliam hacia Mapa41 X:0 Y:0
01/10/2018 9:56:48 /TELEPLOC a x:47 Y:49 Map:41
01/10/2018 9:56:48 /TELEPLOC a x:44 Y:50 Map:41
01/10/2018 9:56:48 /TELEPLOC a x:42 Y:54 Map:41
01/10/2018 9:56:49 /TELEPLOC a x:40 Y:56 Map:41
01/10/2018 9:56:49 /TELEPLOC a x:37 Y:60 Map:41
01/10/2018 9:56:49 /TELEPLOC a x:31 Y:62 Map:41
01/10/2018 9:56:49 /TELEPLOC a x:24 Y:64 Map:41
01/10/2018 9:56:50 /TELEPLOC a x:31 Y:68 Map:41
01/10/2018 9:56:52 /TELEPLOC a x:50 Y:85 Map:29
01/10/2018 9:56:52 /TELEPLOC a x:54 Y:81 Map:29
01/10/2018 9:56:52 /TELEPLOC a x:56 Y:76 Map:29
01/10/2018 9:56:52 /TELEPLOC a x:57 Y:71 Map:29
01/10/2018 9:56:52 /TELEPLOC a x:56 Y:66 Map:29
01/10/2018 9:56:53 /TELEPLOC a x:59 Y:62 Map:29
01/10/2018 9:56:53 /TELEPLOC a x:59 Y:58 Map:29
01/10/2018 9:56:53 /TELEPLOC a x:58 Y:54 Map:29
01/10/2018 9:56:53 /TELEPLOC a x:57 Y:49 Map:29
01/10/2018 9:56:54 /TELEPLOC a x:57 Y:44 Map:29
01/10/2018 9:56:54 /TELEPLOC a x:58 Y:39 Map:29
01/10/2018 9:56:56 /TELEPLOC a x:30 Y:69 Map:17
01/10/2018 9:56:56 /TELEPLOC a x:36 Y:68 Map:17
01/10/2018 9:56:56 /TELEPLOC a x:42 Y:67 Map:17
01/10/2018 9:56:56 /TELEPLOC a x:47 Y:66 Map:17
01/10/2018 9:56:56 /TELEPLOC a x:52 Y:63 Map:17
01/10/2018 9:56:57 /TELEPLOC a x:57 Y:60 Map:17
01/10/2018 9:56:57 /TELEPLOC a x:60 Y:56 Map:17
01/10/2018 9:56:57 /TELEPLOC a x:63 Y:51 Map:17
01/10/2018 9:56:57 /TELEPLOC a x:67 Y:46 Map:17
01/10/2018 9:56:58 /TELEPLOC a x:72 Y:46 Map:17
01/10/2018 9:56:58 /TELEPLOC a x:75 Y:47 Map:17
01/10/2018 9:56:58 /TELEPLOC a x:77 Y:50 Map:17
01/10/2018 9:56:58 /TELEPLOC a x:79 Y:53 Map:17
01/10/2018 9:56:59 /TELEPLOC a x:79 Y:56 Map:17
01/10/2018 9:56:59 /TELEPLOC a x:75 Y:56 Map:17
01/10/2018 9:56:59 /TELEPLOC a x:70 Y:54 Map:17
01/10/2018 9:57:00 /TELEPLOC a x:62 Y:53 Map:17
01/10/2018 9:57:00 /TELEPLOC a x:54 Y:54 Map:17
01/10/2018 9:57:00 /TELEPLOC a x:46 Y:55 Map:17
01/10/2018 9:57:00 /TELEPLOC a x:40 Y:56 Map:17
01/10/2018 9:57:00 /TELEPLOC a x:34 Y:58 Map:17
01/10/2018 9:57:01 /TELEPLOC a x:27 Y:60 Map:17
01/10/2018 9:57:01 /TELEPLOC a x:22 Y:61 Map:17
01/10/2018 9:57:02 /TELEPLOC a x:23 Y:63 Map:17
01/10/2018 9:57:02 /TELEPLOC a x:24 Y:66 Map:17
01/10/2018 9:57:02 /TELEPLOC a x:25 Y:70 Map:17
01/10/2018 9:57:03 /TELEPLOC a x:53 Y:44 Map:29
01/10/2018 9:57:03 /TELEPLOC a x:49 Y:47 Map:29
01/10/2018 9:57:03 /TELEPLOC a x:46 Y:51 Map:29
01/10/2018 9:57:04 /TELEPLOC a x:43 Y:56 Map:29
01/10/2018 9:57:04 /TELEPLOC a x:38 Y:59 Map:29
01/10/2018 9:57:04 /TELEPLOC a x:35 Y:62 Map:29
01/10/2018 9:57:04 /TELEPLOC a x:33 Y:65 Map:29
01/10/2018 9:57:04 /TELEPLOC a x:32 Y:69 Map:29
01/10/2018 9:57:04 /TELEPLOC a x:30 Y:72 Map:29
01/10/2018 9:57:05 /TELEPLOC a x:26 Y:73 Map:29
01/10/2018 9:57:05 /TELEPLOC a x:21 Y:75 Map:29
01/10/2018 9:57:05 /TELEPLOC a x:16 Y:78 Map:29
01/10/2018 9:57:05 /TELEPLOC a x:12 Y:81 Map:29
01/10/2018 9:57:05 /TELEPLOC a x:15 Y:80 Map:29
01/10/2018 9:57:06 /TELEPLOC a x:20 Y:80 Map:29
01/10/2018 9:57:06 /TELEPLOC a x:25 Y:80 Map:29
01/10/2018 9:57:06 /TELEPLOC a x:30 Y:80 Map:29
01/10/2018 9:57:06 /TELEPLOC a x:36 Y:79 Map:29
01/10/2018 9:57:06 /TELEPLOC a x:42 Y:78 Map:29
01/10/2018 9:57:06 /TELEPLOC a x:48 Y:78 Map:29
01/10/2018 9:57:07 /TELEPLOC a x:51 Y:81 Map:29
01/10/2018 9:57:07 /TELEPLOC a x:50 Y:84 Map:29
01/10/2018 9:57:11 /TELEPLOC a x:37 Y:65 Map:41
01/10/2018 9:57:11 /TELEPLOC a x:40 Y:61 Map:41
01/10/2018 9:57:18 /TELEPLOC a x:39 Y:41 Map:41
01/10/2018 9:57:19 /TELEPLOC a x:39 Y:38 Map:41
01/10/2018 9:57:19 /TELEPLOC a x:39 Y:36 Map:41
01/10/2018 9:57:19 /TELEPLOC a x:38 Y:34 Map:41
01/10/2018 9:57:21 Transporto a Neliam hacia Mapa1 X:0 Y:0
01/10/2018 9:57:23 /TELEPLOC a x:55 Y:49 Map:1
01/10/2018 9:57:23 /TELEPLOC a x:58 Y:49 Map:1
01/10/2018 9:57:23 /TELEPLOC a x:61 Y:49 Map:1
01/10/2018 9:57:24 /TELEPLOC a x:63 Y:44 Map:1
01/10/2018 9:57:24 /TELEPLOC a x:67 Y:40 Map:1
01/10/2018 9:57:25 /TELEPLOC a x:65 Y:41 Map:1
01/10/2018 9:57:25 /TELEPLOC a x:62 Y:43 Map:1
01/10/2018 9:57:25 /TELEPLOC a x:57 Y:45 Map:1
01/10/2018 9:57:26 /TELEPLOC a x:52 Y:47 Map:1
01/10/2018 9:57:26 /TELEPLOC a x:50 Y:48 Map:1
01/10/2018 9:57:26 /TELEPLOC a x:51 Y:50 Map:1
01/10/2018 9:57:26 /TELEPLOC a x:53 Y:53 Map:1
01/10/2018 9:57:27 /TELEPLOC a x:56 Y:57 Map:1
01/10/2018 9:57:27 /TELEPLOC a x:57 Y:59 Map:1
01/10/2018 9:57:27 /TELEPLOC a x:55 Y:61 Map:1
01/10/2018 9:57:28 /TELEPLOC a x:51 Y:58 Map:1
01/10/2018 9:57:28 /TELEPLOC a x:49 Y:54 Map:1
01/10/2018 9:57:29 /TELEPLOC a x:45 Y:51 Map:1
01/10/2018 9:57:29 /TELEPLOC a x:43 Y:48 Map:1
01/10/2018 9:57:29 /TELEPLOC a x:42 Y:46 Map:1
01/10/2018 9:57:30 /TELEPLOC a x:38 Y:43 Map:1
01/10/2018 9:57:31 /TELEPLOC a x:60 Y:45 Map:2
01/10/2018 9:57:32 /TELEPLOC a x:63 Y:40 Map:2
01/10/2018 9:57:32 /TELEPLOC a x:62 Y:42 Map:2
01/10/2018 9:57:34 /TELEPLOC a x:44 Y:49 Map:1
01/10/2018 9:57:34 /TELEPLOC a x:39 Y:48 Map:1
01/10/2018 9:57:41 /TELEPLOC a x:22 Y:45 Map:1
01/10/2018 9:57:41 /TELEPLOC a x:20 Y:43 Map:1
01/10/2018 9:57:42 /TELEPLOC a x:16 Y:40 Map:1
01/10/2018 9:57:42 /TELEPLOC a x:17 Y:34 Map:1
01/10/2018 9:57:43 /TELEPLOC a x:19 Y:28 Map:1
01/10/2018 9:57:43 /TELEPLOC a x:25 Y:26 Map:1
01/10/2018 9:57:44 /TELEPLOC a x:31 Y:26 Map:1
01/10/2018 9:57:44 /TELEPLOC a x:36 Y:27 Map:1
01/10/2018 9:57:45 /TELEPLOC a x:40 Y:26 Map:1
01/10/2018 9:57:45 /TELEPLOC a x:43 Y:27 Map:1
01/10/2018 9:57:46 /TELEPLOC a x:45 Y:29 Map:1
01/10/2018 9:57:46 /TELEPLOC a x:50 Y:28 Map:1
01/10/2018 9:57:47 /TELEPLOC a x:54 Y:26 Map:1
01/10/2018 9:57:49 /TELEPLOC a x:46 Y:52 Map:19
01/10/2018 9:57:49 /TELEPLOC a x:45 Y:49 Map:19
01/10/2018 9:57:49 /TELEPLOC a x:45 Y:44 Map:19
01/10/2018 9:57:49 /TELEPLOC a x:43 Y:39 Map:19
01/10/2018 9:57:50 /TELEPLOC a x:43 Y:33 Map:19
01/10/2018 9:57:50 /TELEPLOC a x:43 Y:27 Map:19
01/10/2018 9:58:56 Se conecto con ip:127.0.0.1 HD> 1414298746 MotherNumber> To be filled by O.E.M.
